<?xml version="1.0" encoding="UTF-8"?>
<testsuite xmlns:xsi="http://www.w3.org/2001/XMLSchema-instance" xsi:noNamespaceSchemaLocation="https://maven.apache.org/surefire/maven-surefire-plugin/xsd/surefire-test-report.xsd" name="databasing.AppTest" time="0.065" tests="1" errors="0" skipped="0" failures="0">
  <properties>
    <property name="java.specification.version" value="16"/>
    <property name="sun.cpu.isalist" value="amd64"/>
    <property name="sun.jnu.encoding" value="Cp1252"/>
    <property name="java.class.path" value="c:\Development\VS Projects\search\target\test-classes;c:\Development\VS Projects\search\target\classes;C:\Users\Jason\.m2\repository\org\mongodb\mongo-java-driver\3.12.8\mongo-java-driver-3.12.8.jar;C:\Users\Jason\.m2\repository\com\discord4j\discord4j-core\3.2.0-M3\discord4j-core-3.2.0-M3.jar;C:\Users\Jason\.m2\repository\com\discord4j\discord-json\1.6.3\discord-json-1.6.3.jar;C:\Users\Jason\.m2\repository\com\discord4j\discord-json-api\1.6.3\discord-json-api-1.6.3.jar;C:\Users\Jason\.m2\repository\com\fasterxml\jackson\core\jackson-databind\2.12.2\jackson-databind-2.12.2.jar;C:\Users\Jason\.m2\repository\com\fasterxml\jackson\core\jackson-annotations\2.12.2\jackson-annotations-2.12.2.jar;C:\Users\Jason\.m2\repository\com\fasterxml\jackson\core\jackson-core\2.12.2\jackson-core-2.12.2.jar;C:\Users\Jason\.m2\repository\com\fasterxml\jackson\datatype\jackson-datatype-jdk8\2.12.2\jackson-datatype-jdk8-2.12.2.jar;C:\Users\Jason\.m2\repository\com\discord4j\discord4j-rest\3.2.0-M3\discord4j-rest-3.2.0-M3.jar;C:\Users\Jason\.m2\repository\com\discord4j\discord4j-common\3.2.0-M3\discord4j-common-3.2.0-M3.jar;C:\Users\Jason\.m2\repository\io\projectreactor\netty\reactor-netty-http\1.0.5\reactor-netty-http-1.0.5.jar;C:\Users\Jason\.m2\repository\io\netty\netty-codec-http\4.1.60.Final\netty-codec-http-4.1.60.Final.jar;C:\Users\Jason\.m2\repository\io\netty\netty-common\4.1.60.Final\netty-common-4.1.60.Final.jar;C:\Users\Jason\.m2\repository\io\netty\netty-buffer\4.1.60.Final\netty-buffer-4.1.60.Final.jar;C:\Users\Jason\.m2\repository\io\netty\netty-transport\4.1.60.Final\netty-transport-4.1.60.Final.jar;C:\Users\Jason\.m2\repository\io\netty\netty-codec\4.1.60.Final\netty-codec-4.1.60.Final.jar;C:\Users\Jason\.m2\repository\io\netty\netty-handler\4.1.60.Final\netty-handler-4.1.60.Final.jar;C:\Users\Jason\.m2\repository\io\netty\netty-codec-http2\4.1.60.Final\netty-codec-http2-4.1.60.Final.jar;C:\Users\Jason\.m2\repository\io\netty\netty-resolver-dns\4.1.60.Final\netty-resolver-dns-4.1.60.Final.jar;C:\Users\Jason\.m2\repository\io\netty\netty-resolver\4.1.60.Final\netty-resolver-4.1.60.Final.jar;C:\Users\Jason\.m2\repository\io\netty\netty-codec-dns\4.1.60.Final\netty-codec-dns-4.1.60.Final.jar;C:\Users\Jason\.m2\repository\io\netty\netty-resolver-dns-native-macos\4.1.60.Final\netty-resolver-dns-native-macos-4.1.60.Final-osx-x86_64.jar;C:\Users\Jason\.m2\repository\io\netty\netty-transport-native-unix-common\4.1.60.Final\netty-transport-native-unix-common-4.1.60.Final.jar;C:\Users\Jason\.m2\repository\io\netty\netty-transport-native-epoll\4.1.60.Final\netty-transport-native-epoll-4.1.60.Final-linux-x86_64.jar;C:\Users\Jason\.m2\repository\io\projectreactor\netty\reactor-netty-core\1.0.5\reactor-netty-core-1.0.5.jar;C:\Users\Jason\.m2\repository\io\netty\netty-handler-proxy\4.1.60.Final\netty-handler-proxy-4.1.60.Final.jar;C:\Users\Jason\.m2\repository\io\netty\netty-codec-socks\4.1.60.Final\netty-codec-socks-4.1.60.Final.jar;C:\Users\Jason\.m2\repository\com\github\ben-manes\caffeine\caffeine\2.8.8\caffeine-2.8.8.jar;C:\Users\Jason\.m2\repository\org\checkerframework\checker-qual\3.8.0\checker-qual-3.8.0.jar;C:\Users\Jason\.m2\repository\com\google\errorprone\error_prone_annotations\2.4.0\error_prone_annotations-2.4.0.jar;C:\Users\Jason\.m2\repository\com\discord4j\discord4j-gateway\3.2.0-M3\discord4j-gateway-3.2.0-M3.jar;C:\Users\Jason\.m2\repository\io\projectreactor\addons\reactor-extra\3.4.2\reactor-extra-3.4.2.jar;C:\Users\Jason\.m2\repository\io\projectreactor\reactor-core\3.4.2\reactor-core-3.4.2.jar;C:\Users\Jason\.m2\repository\org\reactivestreams\reactive-streams\1.0.3\reactive-streams-1.0.3.jar;C:\Users\Jason\.m2\repository\com\discord4j\discord4j-voice\3.2.0-M3\discord4j-voice-3.2.0-M3.jar;C:\Users\Jason\.m2\repository\com\discord4j\simple-fsm\1.0.1\simple-fsm-1.0.1.jar;C:\Users\Jason\.m2\repository\com\discord4j\stores-jdk\3.2.0\stores-jdk-3.2.0.jar;C:\Users\Jason\.m2\repository\com\discord4j\stores-api\3.2.0\stores-api-3.2.0.jar;C:\Users\Jason\.m2\repository\com\austinv11\servicer\Servicer\1.0.3\Servicer-1.0.3.jar;C:\Users\Jason\.m2\repository\junit\junit\4.11\junit-4.11.jar;C:\Users\Jason\.m2\repository\org\hamcrest\hamcrest-core\1.3\hamcrest-core-1.3.jar;"/>
    <property name="java.vm.vendor" value="Oracle Corporation"/>
    <property name="sun.arch.data.model" value="64"/>
    <property name="user.variant" value=""/>
    <property name="java.vendor.url" value="https://java.oracle.com/"/>
    <property name="user.timezone" value="America/Toronto"/>
    <property name="os.name" value="Windows 10"/>
    <property name="java.vm.specification.version" value="16"/>
    <property name="sun.java.launcher" value="SUN_STANDARD"/>
    <property name="user.country" value="CA"/>
    <property name="sun.boot.library.path" value="C:\Program Files\Java\jdk-16.0.1\bin"/>
    <property name="sun.java.command" value="C:\Users\Jason\AppData\Local\Temp\surefire2631046680531573285\surefirebooter11768521537768444077.jar C:\Users\Jason\AppData\Local\Temp\surefire2631046680531573285 2021-05-09T22-29-09_884-jvmRun1 surefire4601102201479527568tmp surefire_015783217860847207229tmp"/>
    <property name="jdk.debug" value="release"/>
    <property name="surefire.test.class.path" value="c:\Development\VS Projects\search\target\test-classes;c:\Development\VS Projects\search\target\classes;C:\Users\Jason\.m2\repository\org\mongodb\mongo-java-driver\3.12.8\mongo-java-driver-3.12.8.jar;C:\Users\Jason\.m2\repository\com\discord4j\discord4j-core\3.2.0-M3\discord4j-core-3.2.0-M3.jar;C:\Users\Jason\.m2\repository\com\discord4j\discord-json\1.6.3\discord-json-1.6.3.jar;C:\Users\Jason\.m2\repository\com\discord4j\discord-json-api\1.6.3\discord-json-api-1.6.3.jar;C:\Users\Jason\.m2\repository\com\fasterxml\jackson\core\jackson-databind\2.12.2\jackson-databind-2.12.2.jar;C:\Users\Jason\.m2\repository\com\fasterxml\jackson\core\jackson-annotations\2.12.2\jackson-annotations-2.12.2.jar;C:\Users\Jason\.m2\repository\com\fasterxml\jackson\core\jackson-core\2.12.2\jackson-core-2.12.2.jar;C:\Users\Jason\.m2\repository\com\fasterxml\jackson\datatype\jackson-datatype-jdk8\2.12.2\jackson-datatype-jdk8-2.12.2.jar;C:\Users\Jason\.m2\repository\com\discord4j\discord4j-rest\3.2.0-M3\discord4j-rest-3.2.0-M3.jar;C:\Users\Jason\.m2\repository\com\discord4j\discord4j-common\3.2.0-M3\discord4j-common-3.2.0-M3.jar;C:\Users\Jason\.m2\repository\io\projectreactor\netty\reactor-netty-http\1.0.5\reactor-netty-http-1.0.5.jar;C:\Users\Jason\.m2\repository\io\netty\netty-codec-http\4.1.60.Final\netty-codec-http-4.1.60.Final.jar;C:\Users\Jason\.m2\repository\io\netty\netty-common\4.1.60.Final\netty-common-4.1.60.Final.jar;C:\Users\Jason\.m2\repository\io\netty\netty-buffer\4.1.60.Final\netty-buffer-4.1.60.Final.jar;C:\Users\Jason\.m2\repository\io\netty\netty-transport\4.1.60.Final\netty-transport-4.1.60.Final.jar;C:\Users\Jason\.m2\repository\io\netty\netty-codec\4.1.60.Final\netty-codec-4.1.60.Final.jar;C:\Users\Jason\.m2\repository\io\netty\netty-handler\4.1.60.Final\netty-handler-4.1.60.Final.jar;C:\Users\Jason\.m2\repository\io\netty\netty-codec-http2\4.1.60.Final\netty-codec-http2-4.1.60.Final.jar;C:\Users\Jason\.m2\repository\io\netty\netty-resolver-dns\4.1.60.Final\netty-resolver-dns-4.1.60.Final.jar;C:\Users\Jason\.m2\repository\io\netty\netty-resolver\4.1.60.Final\netty-resolver-4.1.60.Final.jar;C:\Users\Jason\.m2\repository\io\netty\netty-codec-dns\4.1.60.Final\netty-codec-dns-4.1.60.Final.jar;C:\Users\Jason\.m2\repository\io\netty\netty-resolver-dns-native-macos\4.1.60.Final\netty-resolver-dns-native-macos-4.1.60.Final-osx-x86_64.jar;C:\Users\Jason\.m2\repository\io\netty\netty-transport-native-unix-common\4.1.60.Final\netty-transport-native-unix-common-4.1.60.Final.jar;C:\Users\Jason\.m2\repository\io\netty\netty-transport-native-epoll\4.1.60.Final\netty-transport-native-epoll-4.1.60.Final-linux-x86_64.jar;C:\Users\Jason\.m2\repository\io\projectreactor\netty\reactor-netty-core\1.0.5\reactor-netty-core-1.0.5.jar;C:\Users\Jason\.m2\repository\io\netty\netty-handler-proxy\4.1.60.Final\netty-handler-proxy-4.1.60.Final.jar;C:\Users\Jason\.m2\repository\io\netty\netty-codec-socks\4.1.60.Final\netty-codec-socks-4.1.60.Final.jar;C:\Users\Jason\.m2\repository\com\github\ben-manes\caffeine\caffeine\2.8.8\caffeine-2.8.8.jar;C:\Users\Jason\.m2\repository\org\checkerframework\checker-qual\3.8.0\checker-qual-3.8.0.jar;C:\Users\Jason\.m2\repository\com\google\errorprone\error_prone_annotations\2.4.0\error_prone_annotations-2.4.0.jar;C:\Users\Jason\.m2\repository\com\discord4j\discord4j-gateway\3.2.0-M3\discord4j-gateway-3.2.0-M3.jar;C:\Users\Jason\.m2\repository\io\projectreactor\addons\reactor-extra\3.4.2\reactor-extra-3.4.2.jar;C:\Users\Jason\.m2\repository\io\projectreactor\reactor-core\3.4.2\reactor-core-3.4.2.jar;C:\Users\Jason\.m2\repository\org\reactivestreams\reactive-streams\1.0.3\reactive-streams-1.0.3.jar;C:\Users\Jason\.m2\repository\com\discord4j\discord4j-voice\3.2.0-M3\discord4j-voice-3.2.0-M3.jar;C:\Users\Jason\.m2\repository\com\discord4j\simple-fsm\1.0.1\simple-fsm-1.0.1.jar;C:\Users\Jason\.m2\repository\com\discord4j\stores-jdk\3.2.0\stores-jdk-3.2.0.jar;C:\Users\Jason\.m2\repository\com\discord4j\stores-api\3.2.0\stores-api-3.2.0.jar;C:\Users\Jason\.m2\repository\com\austinv11\servicer\Servicer\1.0.3\Servicer-1.0.3.jar;C:\Users\Jason\.m2\repository\junit\junit\4.11\junit-4.11.jar;C:\Users\Jason\.m2\repository\org\hamcrest\hamcrest-core\1.3\hamcrest-core-1.3.jar;"/>
    <property name="sun.cpu.endian" value="little"/>
    <property name="user.home" value="C:\Users\Jason"/>
    <property name="user.language" value="en"/>
    <property name="java.specification.vendor" value="Oracle Corporation"/>
    <property name="java.version.date" value="2021-04-20"/>
    <property name="java.home" value="C:\Program Files\Java\jdk-16.0.1"/>
    <property name="file.separator" value="\"/>
    <property name="basedir" value="c:\Development\VS Projects\search"/>
    <property name="java.vm.compressedOopsMode" value="Zero based"/>
    <property name="line.separator" value="&#10;"/>
    <property name="java.vm.specification.vendor" value="Oracle Corporation"/>
    <property name="java.specification.name" value="Java Platform API Specification"/>
    <property name="surefire.real.class.path" value="C:\Users\Jason\AppData\Local\Temp\surefire2631046680531573285\surefirebooter11768521537768444077.jar"/>
    <property name="user.script" value=""/>
    <property name="sun.management.compiler" value="HotSpot 64-Bit Tiered Compilers"/>
    <property name="java.runtime.version" value="16.0.1+9-24"/>
    <property name="user.name" value="Jason"/>
    <property name="path.separator" value=";"/>
    <property name="os.version" value="10.0"/>
    <property name="java.runtime.name" value="Java(TM) SE Runtime Environment"/>
    <property name="file.encoding" value="Cp1252"/>
    <property name="java.vm.name" value="Java HotSpot(TM) 64-Bit Server VM"/>
    <property name="localRepository" value="C:\Users\Jason\.m2\repository"/>
    <property name="java.vendor.url.bug" value="https://bugreport.java.com/bugreport/"/>
    <property name="java.io.tmpdir" value="C:\Users\Jason\AppData\Local\Temp\"/>
    <property name="java.version" value="16.0.1"/>
    <property name="user.dir" value="c:\Development\VS Projects\search"/>
    <property name="os.arch" value="amd64"/>
    <property name="java.vm.specification.name" value="Java Virtual Machine Specification"/>
    <property name="sun.os.patch.level" value=""/>
    <property name="java.library.path" value="C:\Program Files\Java\jdk-16.0.1\bin;C:\Windows\Sun\Java\bin;C:\Windows\system32;C:\Windows;C:\Program Files\Common Files\Oracle\Java\javapath;C:\Program Files (x86)\Common Files\Oracle\Java\javapath;C:\Windows\system32;C:\Windows;C:\Windows\System32\Wbem;C:\Windows\System32\WindowsPowerShell\v1.0\;C:\Windows\System32\OpenSSH\;C:\Program Files\NVIDIA Corporation\NVIDIA NvDLISR;C:\Program Files (x86)\NVIDIA Corporation\PhysX\Common;C:\Users\Jason\AppData\Local\Microsoft\WindowsApps;C:\Development\Microsoft VS Code\bin;."/>
    <property name="java.vm.info" value="mixed mode, sharing"/>
    <property name="java.vendor" value="Oracle Corporation"/>
    <property name="java.vm.version" value="16.0.1+9-24"/>
    <property name="sun.io.unicode.encoding" value="UnicodeLittle"/>
    <property name="java.class.version" value="60.0"/>
  </properties>
  <testcase name="shouldAnswerWithTrue" classname="databasing.AppTest" time="0.003"/>
</testsuite>